2026-04-21 17:47:18  INFO      [services.rag]  初始化 RAG 服务，加载 Embedding 模型…
2026-04-21 18:04:14  INFO      [services.rag]  初始化 RAG 服务，加载 Embedding 模型…
2026-04-21 18:45:45  INFO      [services.rag]  初始化 RAG 服务，加载 Embedding 模型…
2026-04-21 19:23:02  INFO      [services.rag]  初始化 RAG 服务，加载 Embedding 模型…
2026-04-21 19:23:07  WARNING   [services.rag]  知识库文件已更新，重新构建向量索引…
2026-04-21 19:23:07  INFO      [services.rag]  开始构建向量索引…
2026-04-21 19:25:33  INFO      [services.rag]  初始化 RAG 服务，加载 Embedding 模型…
2026-04-21 19:25:39  WARNING   [services.rag]  知识库文件已更新，重新构建向量索引…
2026-04-21 19:25:39  INFO      [services.rag]  开始构建向量索引…
2026-04-21 19:25:39  INFO      [services.rag]  向量索引构建完成，共 50 个分块。
2026-04-21 19:25:39  INFO      [services.rag]  RAG 服务就绪。
2026-04-21 19:32:45  INFO      [services.rag]  初始化 RAG 服务，加载 Embedding 模型…
2026-04-21 19:32:50  INFO      [services.rag]  向量库未变更，直接加载…
2026-04-21 19:32:50  INFO      [services.rag]  RAG 服务就绪。
2026-04-21 19:39:52  INFO      [services.rag]  初始化 RAG 服务，加载 Embedding 模型…
2026-04-21 19:39:57  INFO      [services.rag]  向量库未变更，直接加载…
2026-04-21 19:39:57  INFO      [services.rag]  RAG 服务就绪。
2026-04-21 19:40:54  INFO      [services.rag]  初始化 RAG 服务，加载 Embedding 模型…
2026-04-21 19:40:59  INFO      [services.rag]  向量库未变更，直接加载…
2026-04-21 19:40:59  INFO      [services.rag]  RAG 服务就绪。
2026-04-21 19:41:31  INFO      [services.rag]  初始化 RAG 服务，加载 Embedding 模型…
2026-04-21 19:41:36  INFO      [services.rag]  向量库未变更，直接加载…
2026-04-21 19:41:36  INFO      [services.rag]  RAG 服务就绪。
2026-04-21 19:46:05  INFO      [services.rag]  初始化 RAG 服务，加载 Embedding 模型…
2026-04-21 19:46:10  INFO      [services.rag]  向量库未变更，直接加载…
2026-04-21 19:46:10  INFO      [services.rag]  RAG 服务就绪。
2026-04-21 19:47:07  INFO      [services.rag]  初始化 RAG 服务，加载 Embedding 模型…
2026-04-21 19:47:13  INFO      [services.rag]  向量库未变更，直接加载…
2026-04-21 19:47:13  INFO      [services.rag]  RAG 服务就绪。
2026-04-21 19:50:09  INFO      [services.rag]  初始化 RAG 服务，加载 Embedding 模型…
2026-04-21 19:50:15  INFO      [services.rag]  向量库未变更，直接加载…
2026-04-21 19:50:15  INFO      [services.rag]  RAG 服务就绪。
2026-04-21 19:52:25  INFO      [services.rag]  初始化 RAG 服务，加载 Embedding 模型…
2026-04-21 19:52:31  INFO      [services.rag]  向量库未变更，直接加载…
2026-04-21 19:52:31  INFO      [services.rag]  RAG 服务就绪。
2026-04-21 19:53:13  INFO      [services.rag]  初始化 RAG 服务，加载 Embedding 模型…
2026-04-21 19:53:19  INFO      [services.rag]  向量库未变更，直接加载…
2026-04-21 19:53:19  INFO      [services.rag]  RAG 服务就绪。
2026-04-21 19:54:54  INFO      [services.rag]  初始化 RAG 服务，加载 Embedding 模型…
2026-04-21 19:54:59  INFO      [services.rag]  向量库未变更，直接加载…
2026-04-21 19:54:59  INFO      [services.rag]  RAG 服务就绪。
2026-04-21 19:55:18  INFO      [services.rag]  初始化 RAG 服务，加载 Embedding 模型…
2026-04-21 19:55:23  INFO      [services.rag]  向量库未变更，直接加载…
2026-04-21 19:55:23  INFO      [services.rag]  RAG 服务就绪。
2026-04-21 19:55:40  DEBUG     [services.rag]  RAG 检索 [你好，你是谁？…] → 5 条结果
2026-04-21 19:55:40  DEBUG     [services.rag]  RAG 检索 [你平时喜欢做什么？…] → 5 条结果
2026-04-21 19:59:18  INFO      [services.rag]  初始化 RAG 服务，加载 Embedding 模型…
2026-04-21 19:59:24  INFO      [services.rag]  向量库未变更，直接加载…
2026-04-21 19:59:24  INFO      [services.rag]  RAG 服务就绪。
2026-04-21 19:59:44  DEBUG     [services.rag]  RAG 检索 [你好，你是谁？…] → 5 条结果
2026-04-21 19:59:51  DEBUG     [services.rag]  RAG 检索 [你平时喜欢做什么？…] → 5 条结果
2026-04-21 20:09:16  INFO      [services.rag]  初始化 RAG 服务，加载 Embedding 模型…
2026-04-21 20:09:22  INFO      [services.rag]  向量库未变更，直接加载…
2026-04-21 20:09:22  INFO      [services.rag]  RAG 服务就绪。
2026-04-21 20:09:47  DEBUG     [services.rag]  RAG 检索 [你好，你是谁？…] → 5 条结果
2026-04-21 20:09:53  DEBUG     [services.rag]  RAG 检索 [你平时喜欢做什么？…] → 5 条结果
2026-04-21 20:25:11  DEBUG     [services.rag]  RAG 检索 [你好，你是谁？…] → 5 条结果
2026-04-21 20:25:16  DEBUG     [services.rag]  RAG 检索 [你平时喜欢做什么？…] → 5 条结果
2026-04-21 20:26:28  DEBUG     [services.rag]  RAG 检索 [你好，你是谁？…] → 5 条结果
2026-04-21 20:26:29  DEBUG     [services.rag]  RAG 检索 [你平时喜欢做什么？…] → 5 条结果
2026-04-21 20:38:59  DEBUG     [services.rag]  RAG 检索 [你好，你是谁？…] → 5 条结果
2026-04-21 20:39:14  INFO      [services.rag]  初始化 RAG 服务，加载 Embedding 模型…
2026-04-21 20:39:19  INFO      [services.rag]  向量库未变更，直接加载…
2026-04-21 20:39:19  INFO      [services.rag]  RAG 服务就绪。
2026-04-21 20:39:49  DEBUG     [services.rag]  RAG 检索 [你好，你是谁？…] → 5 条结果
2026-04-21 20:39:49  DEBUG     [services.rag]  RAG 检索 [你平时喜欢做什么？…] → 5 条结果
2026-04-21 20:45:25  INFO      [services.rag]  初始化 RAG 服务，加载 Embedding 模型…
2026-04-21 20:45:30  INFO      [services.rag]  向量库未变更，直接加载…
2026-04-21 20:45:30  INFO      [services.rag]  RAG 服务就绪。
2026-04-21 20:45:49  DEBUG     [services.rag]  RAG 检索 [你好，你是谁？…] → 5 条结果
2026-04-21 20:45:54  DEBUG     [services.rag]  RAG 检索 [你平时喜欢做什么？…] → 5 条结果
2026-04-21 22:10:24  INFO      [services.rag]  初始化 RAG 服务，加载 Embedding 模型…
2026-04-21 22:10:30  INFO      [services.rag]  向量库未变更，直接加载…
2026-04-21 22:10:30  INFO      [services.rag]  RAG 服务就绪。
2026-04-21 22:17:13  INFO      [services.rag]  初始化 RAG 服务，加载 Embedding 模型…
2026-04-21 22:17:19  INFO      [services.rag]  向量库未变更，直接加载…
2026-04-21 22:17:19  INFO      [services.rag]  RAG 服务就绪。
2026-04-21 22:19:37  INFO      [services.rag]  初始化 RAG 服务，加载 Embedding 模型…
2026-04-21 22:19:43  INFO      [services.rag]  向量库未变更，直接加载…
2026-04-21 22:19:43  INFO      [services.rag]  RAG 服务就绪。
2026-04-21 22:49:50  INFO      [services.rag]  初始化 RAG 服务，加载 Embedding 模型…
2026-04-21 22:49:56  INFO      [services.rag]  向量库未变更，直接加载…
2026-04-21 22:49:56  INFO      [services.rag]  RAG 服务就绪。
2026-04-21 23:03:56  INFO      [services.rag]  初始化 RAG 服务，加载 Embedding 模型…
2026-04-21 23:04:01  INFO      [services.rag]  向量库未变更，直接加载…
2026-04-21 23:04:02  INFO      [services.rag]  RAG 服务就绪。
2026-04-21 23:10:39  INFO      [services.rag]  初始化 RAG 服务，加载 Embedding 模型…
2026-04-21 23:10:45  INFO      [services.rag]  向量库未变更，直接加载…
2026-04-21 23:10:45  INFO      [services.rag]  RAG 服务就绪。
2026-04-22 06:47:38  INFO      [services.rag]  初始化 RAG 服务，加载 Embedding 模型…
2026-04-22 06:47:43  INFO      [services.rag]  向量库未变更，直接加载…
2026-04-22 06:47:43  INFO      [services.rag]  RAG 服务就绪。
2026-04-22 06:54:28  DEBUG     [services.rag]  RAG 检索 [你好你呀？…] → 5 条结果
2026-04-22 07:09:17  DEBUG     [services.rag]  RAG 检索 [你是谁？…] → 5 条结果
2026-04-22 07:15:15  DEBUG     [services.rag]  RAG 检索 [好吧，那你很厉害了…] → 5 条结果
2026-04-22 07:29:50  DEBUG     [services.rag]  RAG 检索 [q…] → 5 条结果
2026-04-22 07:35:16  DEBUG     [services.rag]  RAG 检索 [你是谁呀？…] → 5 条结果
2026-04-22 07:36:03  DEBUG     [services.rag]  RAG 检索 [哈哈，你好凶呀…] → 5 条结果
2026-04-22 07:37:02  DEBUG     [services.rag]  RAG 检索 [你会傅里叶变换嘛？…] → 5 条结果
2026-04-22 08:26:20  DEBUG     [services.rag]  RAG 检索 [有ふふ muchís studio no三歐洲慢慢又有我知道…] → 5 条结果
2026-04-22 08:26:27  DEBUG     [services.rag]  RAG 检索 [你好 我是胡锦光…] → 5 条结果
2026-04-22 08:26:59  DEBUG     [services.rag]  RAG 检索 [字幕by索兰娅…] → 5 条结果
2026-04-22 10:00:08  INFO      [services.rag]  初始化 RAG 服务，加载 Embedding 模型…
2026-04-22 10:00:13  INFO      [services.rag]  向量库未变更，直接加载…
2026-04-22 10:00:13  INFO      [services.rag]  RAG 服务就绪。
2026-04-22 10:01:46  DEBUG     [services.rag]  RAG 检索 [字幕by索兰娅…] → 5 条结果
2026-04-22 10:01:59  DEBUG     [services.rag]  RAG 检索 [真的是पुआउ…] → 5 条结果
2026-04-22 10:02:01  DEBUG     [services.rag]  RAG 检索 [你好,我叫张哥凯,请问你是谁?…] → 5 条结果
2026-04-22 10:02:15  DEBUG     [services.rag]  RAG 检索 [你好我叫张哥凯请问你是谁…] → 5 条结果
2026-04-22 10:02:43  DEBUG     [services.rag]  RAG 检索 [开门了 开门了 开门了…] → 5 条结果
2026-04-22 19:54:35  INFO      [services.rag]  初始化 RAG 服务，加载 Embedding 模型…
2026-04-22 19:54:40  INFO      [services.rag]  向量库未变更，直接加载…
2026-04-22 19:54:40  INFO      [services.rag]  RAG 服务就绪。
2026-04-22 19:57:05  DEBUG     [services.rag]  RAG 检索 [字幕製作人Zither Harp…] → 5 条结果
2026-04-22 19:57:16  DEBUG     [services.rag]  RAG 检索 [张哥凯你是个小猪…] → 5 条结果
2026-04-22 19:57:50  DEBUG     [services.rag]  RAG 检索 [我的室友叫张哥凯你认识他吗…] → 5 条结果
2026-04-22 20:00:29  DEBUG     [services.rag]  RAG 检索 [字幕製作人Zither Harp…] → 5 条结果
2026-04-22 20:00:37  DEBUG     [services.rag]  RAG 检索 [字幕製作人Zither Harp…] → 5 条结果
2026-04-22 20:01:03  DEBUG     [services.rag]  RAG 检索 [我们就专门用来怼承煦园吧小爷要是知道是谁在背后捣鬼先让三位真…] → 5 条结果
2026-04-22 21:03:47  DEBUG     [services.rag]  RAG 检索 [字幕by索兰娅…] → 5 条结果
2026-04-22 21:04:38  DEBUG     [services.rag]  RAG 检索 [字幕製作人Zither Harp…] → 5 条结果
2026-04-22 21:06:09  DEBUG     [services.rag]  RAG 检索 [再裝個台…] → 5 条结果
2026-04-22 21:06:45  DEBUG     [services.rag]  RAG 检索 [哎呀,挪扎可不是那种背后捅刀子的人要装台就明说,小爷可以现场…] → 5 条结果
2026-04-22 21:06:57  DEBUG     [services.rag]  RAG 检索 [我是張哥凱,我是大傻瓜…] → 5 条结果
2026-04-22 21:08:15  DEBUG     [services.rag]  RAG 检索 [他挺不见…] → 5 条结果
2026-04-22 21:08:44  DEBUG     [services.rag]  RAG 检索 [等会儿哪家出场看你能不能招架当住…] → 5 条结果
2026-04-22 21:11:19  DEBUG     [services.rag]  RAG 检索 [你是谁？…] → 5 条结果
2026-04-22 21:11:56  DEBUG     [services.rag]  RAG 检索 [你好傻？…] → 5 条结果
2026-04-22 21:13:48  INFO      [services.rag]  初始化 RAG 服务，加载 Embedding 模型…
2026-04-22 21:13:52  INFO      [services.rag]  向量库未变更，直接加载…
2026-04-22 21:13:52  INFO      [services.rag]  RAG 服务就绪。
2026-04-22 21:14:16  DEBUG     [services.rag]  RAG 检索 [你是谁…] → 5 条结果
2026-04-22 21:15:02  DEBUG     [services.rag]  RAG 检索 [言文博是傻蛋吗？…] → 5 条结果
2026-04-22 21:16:49  DEBUG     [services.rag]  RAG 检索 [exit…] → 5 条结果
2026-04-22 21:17:10  DEBUG     [services.rag]  RAG 检索 [q…] → 5 条结果
2026-04-22 21:18:06  DEBUG     [services.rag]  RAG 检索 [字幕製作人Zither Harp…] → 5 条结果
2026-04-22 21:18:37  DEBUG     [services.rag]  RAG 检索 [你认识张可凯吗…] → 5 条结果
2026-04-22 21:19:08  DEBUG     [services.rag]  RAG 检索 [专开发行纸,加飞项别再整理你的发行了…] → 5 条结果
2026-04-22 21:19:44  DEBUG     [services.rag]  RAG 检索 [这样是有些会被反悔…] → 5 条结果
2026-04-22 21:20:22  DEBUG     [services.rag]  RAG 检索 [你认识冯志恒吗…] → 5 条结果
2026-04-22 21:20:49  DEBUG     [services.rag]  RAG 检索 [我说做个因为在剪理上…] → 5 条结果
2026-04-22 21:21:21  DEBUG     [services.rag]  RAG 检索 [女人喜歡過羊嗎…] → 5 条结果
2026-04-22 21:21:49  DEBUG     [services.rag]  RAG 检索 [你认识我们班的王伯扬吗…] → 5 条结果
2026-04-22 21:22:21  DEBUG     [services.rag]  RAG 检索 [哈哈哈哈你认识唐白虎吗…] → 5 条结果
2026-04-22 21:22:53  DEBUG     [services.rag]  RAG 检索 [你认识杨文博吗…] → 5 条结果
2026-04-22 21:23:21  DEBUG     [services.rag]  RAG 检索 [你的父亲是谁…] → 5 条结果
2026-04-22 21:23:48  DEBUG     [services.rag]  RAG 检索 [你和太子正在什么关系…] → 5 条结果
2026-04-22 21:24:27  DEBUG     [services.rag]  RAG 检索 [你能不能给我讲讲刘邦的故事…] → 5 条结果
2026-04-22 21:25:00  DEBUG     [services.rag]  RAG 检索 [你认识海信吗…] → 5 条结果
2026-04-22 21:25:31  DEBUG     [services.rag]  RAG 检索 [有点搞笑…] → 5 条结果
2026-04-22 21:26:06  DEBUG     [services.rag]  RAG 检索 [我們的英文字幕有時間…] → 5 条结果
2026-04-22 21:27:16  DEBUG     [services.rag]  RAG 检索 [给我讲个故事呗…] → 5 条结果
2026-04-22 21:28:10  DEBUG     [services.rag]  RAG 检索 [我跟张哥凯是好朋友但是我不喜欢他…] → 5 条结果
2026-04-22 21:28:46  DEBUG     [services.rag]  RAG 检索 [刚刚还找到你朋友吗…] → 5 条结果
2026-04-22 21:29:18  DEBUG     [services.rag]  RAG 检索 [OK…] → 5 条结果
2026-04-22 21:29:28  DEBUG     [services.rag]  RAG 检索 [你现在说话就行他能听到…] → 5 条结果
2026-04-22 21:36:01  DEBUG     [services.rag]  RAG 检索 [张哥凯天天打游戏不学习我该怎么教育他…] → 5 条结果
2026-04-22 21:43:16  DEBUG     [services.rag]  RAG 检索 [三個卡…] → 5 条结果
2026-04-22 21:43:53  DEBUG     [services.rag]  RAG 检索 [你好可爱啊…] → 5 条结果
2026-04-22 21:44:59  DEBUG     [services.rag]  RAG 检索 [好吧 再见…] → 5 条结果
2026-04-22 22:36:05  INFO      [services.rag]  初始化 RAG 服务，加载 Embedding 模型…
2026-04-22 22:36:10  INFO      [services.rag]  向量库未变更，直接加载…
2026-04-22 22:36:10  INFO      [services.rag]  RAG 服务就绪。
2026-04-22 22:44:50  DEBUG     [services.rag]  RAG 检索 [你好…] → 5 条结果
2026-04-22 22:48:36  DEBUG     [services.rag]  RAG 检索 [reset…] → 5 条结果
2026-04-22 22:50:31  DEBUG     [services.rag]  RAG 检索 [萌拉,你好…] → 5 条结果
2026-04-22 22:52:17  DEBUG     [services.rag]  RAG 检索 [和私人愛互聯我的別別別別別…] → 5 条结果
2026-04-22 22:58:55  DEBUG     [services.rag]  RAG 检索 [你是谁…] → 5 条结果
2026-04-22 23:09:37  DEBUG     [services.rag]  RAG 检索 [你好你是谁…] → 5 条结果
2026-04-22 23:22:48  DEBUG     [services.rag]  RAG 检索 [你連了幾個的音響幹嘛…] → 5 条结果
2026-04-22 23:23:19  DEBUG     [services.rag]  RAG 检索 [这么高级…] → 5 条结果
2026-04-22 23:23:50  DEBUG     [services.rag]  RAG 检索 [他把这个文字输入进去以后…] → 5 条结果
2026-04-22 23:24:21  DEBUG     [services.rag]  RAG 检索 [我就打打到12点我要睡觉我不能…] → 5 条结果
2026-04-22 23:24:31  DEBUG     [services.rag]  RAG 检索 [帶大家去雙不好意思史最古陽我就有念雪有念雪啊我們會下去這裡面…] → 5 条结果
2026-04-22 23:25:11  DEBUG     [services.rag]  RAG 检索 [所以你把它的音频输入和输出的那个渠道…] → 5 条结果
2026-04-22 23:25:21  DEBUG     [services.rag]  RAG 检索 [这个其实很好换…] → 5 条结果
2026-04-22 23:25:56  DEBUG     [services.rag]  RAG 检索 [空不它嘛 對吧然後空它給它調好以後你其實就關了…] → 5 条结果
2026-04-23 23:14:06  INFO      [services.rag]  初始化 RAG 服务，加载 Embedding 模型…
2026-04-23 23:14:12  INFO      [services.rag]  向量库未变更，直接加载…
2026-04-23 23:14:12  INFO      [services.rag]  RAG 服务就绪。
2026-04-23 23:16:49  DEBUG     [services.rag]  RAG 检索 [字幕by索兰娅…] → 5 条结果
2026-04-23 23:20:35  DEBUG     [services.rag]  RAG 检索 [字幕製作人Zither Harp…] → 5 条结果
2026-04-23 23:22:25  DEBUG     [services.rag]  RAG 检索 [你好…] → 5 条结果
2026-04-23 23:24:00  DEBUG     [services.rag]  RAG 检索 [字幕製作人Zither Harp…] → 5 条结果
2026-04-23 23:25:59  DEBUG     [services.rag]  RAG 检索 [字幕製作人Zither Harp…] → 5 条结果
2026-04-23 23:26:51  DEBUG     [services.rag]  RAG 检索 [这号人是什么人…] → 5 条结果
2026-04-23 23:27:41  DEBUG     [services.rag]  RAG 检索 [这些好人是什么人…] → 5 条结果
2026-04-23 23:28:37  DEBUG     [services.rag]  RAG 检索 [听不到你说话感觉粉质痕的屁股大不大…] → 5 条结果
2026-04-23 23:29:17  DEBUG     [services.rag]  RAG 检索 [總之好像屁股大不大…] → 5 条结果
2026-04-23 23:30:25  INFO      [services.rag]  初始化 RAG 服务，加载 Embedding 模型…
2026-04-23 23:30:31  INFO      [services.rag]  向量库未变更，直接加载…
2026-04-23 23:30:31  INFO      [services.rag]  RAG 服务就绪。
2026-04-23 23:30:54  DEBUG     [services.rag]  RAG 检索 [只有缝织痕 屁股大…] → 5 条结果
2026-04-23 23:31:26  DEBUG     [services.rag]  RAG 检索 [这些号然是什么人…] → 5 条结果
2026-04-23 23:32:07  DEBUG     [services.rag]  RAG 检索 [你叫什么名字…] → 5 条结果
2026-04-23 23:33:00  DEBUG     [services.rag]  RAG 检索 [我要錄像了,別說話…] → 5 条结果
2026-04-23 23:33:48  DEBUG     [services.rag]  RAG 检索 [字幕by索兰娅…] → 5 条结果
2026-04-24 10:19:44  INFO      [services.rag]  初始化 RAG 服务，加载 Embedding 模型…
2026-04-24 10:19:49  INFO      [services.rag]  向量库未变更，直接加载…
2026-04-24 10:19:49  INFO      [services.rag]  RAG 服务就绪。
2026-04-24 10:20:58  INFO      [services.rag]  初始化 RAG 服务，加载 Embedding 模型…
2026-04-24 10:21:04  INFO      [services.rag]  向量库未变更，直接加载…
2026-04-24 10:21:04  INFO      [services.rag]  RAG 服务就绪。
