2025-04-17 12:41:15,068 - INFO - 127.0.0.1 - - [17/Apr/2025 12:41:15] "OPTIONS /api/tts HTTP/1.1" 200 -
2025-04-17 12:41:15,293 - INFO - TTS Request - Text: ??????????????????????????????????????????????????????????????????????????????????????????????????????????????????????????????????????????????????????????????????????????????????????????????????????????????????????????????????????????????????????????????????????????????????????????????????????????????????????????????????????????????????????????????
2025-04-17 12:41:15,745 - INFO - synthesis text ???????????????????????? ????????????????????????????????????????????????????????????????????????????????????????????????????????????????
2025-04-17 12:41:33,428 - INFO - yield speech len 18.96, rtf 0.93266293720857
2025-04-17 12:41:33,675 - INFO - synthesis text ???????????????????????????????? ???????????????????????????????????????????????????????????????????????????????????????????????????????????????????????????????? ??????????????????????????????????????????
2025-04-17 12:41:51,867 - INFO - yield speech len 22.24, rtf 0.8179814481049134
2025-04-17 12:41:52,033 - INFO - TTS inference completed, processing 2 audio segments
2025-04-17 12:41:52,098 - INFO - Saved audio file: ./generated_audio\tts_1744864912_0.wav
2025-04-17 12:41:52,156 - INFO - Saved audio file: ./generated_audio\tts_1744864912_1.wav
2025-04-17 12:41:52,156 - INFO - Generated 2 audio files: ['tts_1744864912_0.wav', 'tts_1744864912_1.wav']
2025-04-17 12:41:52,157 - INFO - 127.0.0.1 - - [17/Apr/2025 12:41:52] "POST /api/tts HTTP/1.1" 200 -
2025-04-17 12:41:52,521 - INFO - Request for audio file: ./generated_audio\tts_1744864912_0.wav
2025-04-17 12:41:52,522 - INFO - Sending audio file: ./generated_audio\tts_1744864912_0.wav
2025-04-17 12:41:52,529 - INFO - 127.0.0.1 - - [17/Apr/2025 12:41:52] "[35m[1mGET /api/audio/tts_1744864912_0.wav HTTP/1.1[0m" 206 -
2025-04-17 12:42:11,605 - INFO - Request for audio file: ./generated_audio\tts_1744864912_1.wav
2025-04-17 12:42:11,605 - INFO - Sending audio file: ./generated_audio\tts_1744864912_1.wav
2025-04-17 12:42:11,605 - INFO - 127.0.0.1 - - [17/Apr/2025 12:42:11] "[35m[1mGET /api/audio/tts_1744864912_1.wav HTTP/1.1[0m" 206 -
2025-04-17 13:02:29,235 - INFO - 127.0.0.1 - - [17/Apr/2025 13:02:29] "OPTIONS /api/tts HTTP/1.1" 200 -
2025-04-17 13:02:29,488 - INFO - TTS Request - Text: ??????????????????????????????????????????????????????????????????????????????????????????????????????????????????????????????????????????????????????????????????????????????????
2025-04-17 13:02:29,718 - INFO - synthesis text ?????????????????? ????????????????????????????????????????????????????????????????????????????????????????????????????????????????
2025-04-17 13:02:55,514 - INFO - yield speech len 15.28, rtf 1.6882402266507375
2025-04-17 13:02:55,957 - INFO - synthesis text ?????????????????? ??????????????????????
2025-04-17 13:03:02,518 - INFO - yield speech len 4.16, rtf 1.5771765548449295
2025-04-17 13:03:02,559 - INFO - TTS inference completed, processing 2 audio segments
2025-04-17 13:03:02,619 - INFO - Saved audio file: ./generated_audio\tts_1744866182_0.wav
2025-04-17 13:03:02,667 - INFO - Saved audio file: ./generated_audio\tts_1744866182_1.wav
2025-04-17 13:03:02,668 - INFO - Generated 2 audio files: ['tts_1744866182_0.wav', 'tts_1744866182_1.wav']
2025-04-17 13:03:02,668 - INFO - 127.0.0.1 - - [17/Apr/2025 13:03:02] "POST /api/tts HTTP/1.1" 200 -
2025-04-17 13:03:02,984 - INFO - Request for audio file: ./generated_audio\tts_1744866182_0.wav
2025-04-17 13:03:02,984 - INFO - Sending audio file: ./generated_audio\tts_1744866182_0.wav
2025-04-17 13:03:02,992 - INFO - 127.0.0.1 - - [17/Apr/2025 13:03:02] "[35m[1mGET /api/audio/tts_1744866182_0.wav HTTP/1.1[0m" 206 -
2025-04-17 13:03:18,324 - INFO - Request for audio file: ./generated_audio\tts_1744866182_1.wav
2025-04-17 13:03:18,324 - INFO - Sending audio file: ./generated_audio\tts_1744866182_1.wav
2025-04-17 13:03:18,325 - INFO - 127.0.0.1 - - [17/Apr/2025 13:03:18] "[35m[1mGET /api/audio/tts_1744866182_1.wav HTTP/1.1[0m" 206 -
2025-04-17 13:06:55,060 - INFO - 127.0.0.1 - - [17/Apr/2025 13:06:55] "OPTIONS /api/tts HTTP/1.1" 200 -
2025-04-17 13:06:55,328 - INFO - TTS Request - Text: ??????????????????????????????????????????????????????????????????????????????????????????????????????????????????????????????????????????????????????????????????????????????????????????????????????????????????????????????????????????????????????????????????????????????????????????????????????????????????????????????????
2025-04-17 13:06:55,567 - INFO - synthesis text ?????????????????????????????????????????????????????????????????????????????????????????????????????????????????? ????????????????????????????????????????????????
2025-04-17 13:07:19,152 - INFO - yield speech len 21.12, rtf 1.1167127639055252
2025-04-17 13:07:19,424 - INFO - synthesis text ???????????????????????????????????????? ????????????????????????????????????????????????????????????????????????????????????????????????????????????????
2025-04-17 13:07:37,499 - INFO - yield speech len 18.0, rtf 1.0042056904898748
2025-04-17 13:07:37,587 - INFO - TTS inference completed, processing 2 audio segments
2025-04-17 13:07:37,639 - INFO - Saved audio file: ./generated_audio\tts_1744866457_0.wav
2025-04-17 13:07:37,687 - INFO - Saved audio file: ./generated_audio\tts_1744866457_1.wav
2025-04-17 13:07:37,687 - INFO - Generated 2 audio files: ['tts_1744866457_0.wav', 'tts_1744866457_1.wav']
2025-04-17 13:07:37,687 - INFO - 127.0.0.1 - - [17/Apr/2025 13:07:37] "POST /api/tts HTTP/1.1" 200 -
2025-04-17 13:07:38,026 - INFO - Request for audio file: ./generated_audio\tts_1744866457_0.wav
2025-04-17 13:07:38,027 - INFO - Sending audio file: ./generated_audio\tts_1744866457_0.wav
2025-04-17 13:07:38,035 - INFO - 127.0.0.1 - - [17/Apr/2025 13:07:38] "[35m[1mGET /api/audio/tts_1744866457_0.wav HTTP/1.1[0m" 206 -
2025-04-17 13:07:59,233 - INFO - Request for audio file: ./generated_audio\tts_1744866457_1.wav
2025-04-17 13:07:59,233 - INFO - Sending audio file: ./generated_audio\tts_1744866457_1.wav
2025-04-17 13:07:59,234 - INFO - 127.0.0.1 - - [17/Apr/2025 13:07:59] "[35m[1mGET /api/audio/tts_1744866457_1.wav HTTP/1.1[0m" 206 -
2025-04-17 13:09:38,717 - INFO - 127.0.0.1 - - [17/Apr/2025 13:09:38] "OPTIONS /api/tts HTTP/1.1" 200 -
2025-04-17 13:09:38,982 - INFO - TTS Request - Text: ??????????????????????????????????????????????????????????????????????????????????????????????????????????????????????????????????????????????????????????????????????????????????????????????????????????????????????????????????????????????????????????????????????????????????????????
2025-04-17 13:09:39,232 - INFO - synthesis text ?????????????????????? ????????????????????????????????????????????????????????????????????????????????????????????????????????????????????????
2025-04-17 13:10:06,545 - INFO - yield speech len 20.16, rtf 1.3548543647168174
2025-04-17 13:10:07,021 - INFO - synthesis text ???????????????? ????????????????????????????????????????????????????????????????????????????????????????????????????????????????????
2025-04-17 13:10:26,959 - INFO - yield speech len 19.68, rtf 1.0131169988857052
2025-04-17 13:10:27,052 - INFO - TTS inference completed, processing 2 audio segments
2025-04-17 13:10:27,112 - INFO - Saved audio file: ./generated_audio\tts_1744866627_0.wav
2025-04-17 13:10:27,170 - INFO - Saved audio file: ./generated_audio\tts_1744866627_1.wav
2025-04-17 13:10:27,170 - INFO - Generated 2 audio files: ['tts_1744866627_0.wav', 'tts_1744866627_1.wav']
2025-04-17 13:10:27,170 - INFO - 127.0.0.1 - - [17/Apr/2025 13:10:27] "POST /api/tts HTTP/1.1" 200 -
2025-04-17 13:10:27,525 - INFO - Request for audio file: ./generated_audio\tts_1744866627_0.wav
2025-04-17 13:10:27,525 - INFO - Sending audio file: ./generated_audio\tts_1744866627_0.wav
2025-04-17 13:10:27,533 - INFO - 127.0.0.1 - - [17/Apr/2025 13:10:27] "[35m[1mGET /api/audio/tts_1744866627_0.wav HTTP/1.1[0m" 206 -
2025-04-17 13:10:47,763 - INFO - Request for audio file: ./generated_audio\tts_1744866627_1.wav
2025-04-17 13:10:47,763 - INFO - Sending audio file: ./generated_audio\tts_1744866627_1.wav
2025-04-17 13:10:47,764 - INFO - 127.0.0.1 - - [17/Apr/2025 13:10:47] "[35m[1mGET /api/audio/tts_1744866627_1.wav HTTP/1.1[0m" 206 -
2025-04-17 13:13:40,349 - INFO - Request for audio file: ./generated_audio\tts_1744866627_0.wav
2025-04-17 13:13:40,349 - INFO - Sending audio file: ./generated_audio\tts_1744866627_0.wav
2025-04-17 13:13:40,350 - INFO - 127.0.0.1 - - [17/Apr/2025 13:13:40] "[35m[1mGET /api/audio/tts_1744866627_0.wav HTTP/1.1[0m" 206 -
2025-04-17 13:13:40,615 - INFO - Request for audio file: ./generated_audio\tts_1744866627_0.wav
2025-04-17 13:13:40,616 - INFO - Sending audio file: ./generated_audio\tts_1744866627_0.wav
2025-04-17 13:13:40,616 - INFO - 127.0.0.1 - - [17/Apr/2025 13:13:40] "[35m[1mGET /api/audio/tts_1744866627_0.wav HTTP/1.1[0m" 206 -
2025-04-17 13:17:53,168 - INFO - Request for audio file: ./generated_audio\tts_1744866627_0.wav
2025-04-17 13:17:53,168 - INFO - Sending audio file: ./generated_audio\tts_1744866627_0.wav
2025-04-17 13:17:53,169 - INFO - 127.0.0.1 - - [17/Apr/2025 13:17:53] "[35m[1mGET /api/audio/tts_1744866627_0.wav HTTP/1.1[0m" 206 -
2025-04-17 13:20:01,481 - INFO - Request for audio file: ./generated_audio\tts_1744866627_0.wav
2025-04-17 13:20:01,481 - INFO - Sending audio file: ./generated_audio\tts_1744866627_0.wav
2025-04-17 13:20:01,481 - INFO - 127.0.0.1 - - [17/Apr/2025 13:20:01] "[35m[1mGET /api/audio/tts_1744866627_0.wav HTTP/1.1[0m" 206 -
2025-04-17 13:20:01,749 - INFO - Request for audio file: ./generated_audio\tts_1744866627_0.wav
2025-04-17 13:20:01,749 - INFO - Sending audio file: ./generated_audio\tts_1744866627_0.wav
2025-04-17 13:20:01,749 - INFO - 127.0.0.1 - - [17/Apr/2025 13:20:01] "[35m[1mGET /api/audio/tts_1744866627_0.wav HTTP/1.1[0m" 206 -
2025-04-17 13:23:45,965 - INFO - Request for audio file: ./generated_audio\tts_1744866627_0.wav
2025-04-17 13:23:45,965 - INFO - Sending audio file: ./generated_audio\tts_1744866627_0.wav
2025-04-17 13:23:45,965 - INFO - 127.0.0.1 - - [17/Apr/2025 13:23:45] "[35m[1mGET /api/audio/tts_1744866627_0.wav HTTP/1.1[0m" 206 -
2025-04-17 13:25:15,777 - INFO - Request for audio file: ./generated_audio\tts_1744866627_0.wav
2025-04-17 13:25:15,777 - INFO - Sending audio file: ./generated_audio\tts_1744866627_0.wav
2025-04-17 13:25:15,777 - INFO - 127.0.0.1 - - [17/Apr/2025 13:25:15] "[35m[1mGET /api/audio/tts_1744866627_0.wav HTTP/1.1[0m" 206 -
2025-04-17 13:25:16,045 - INFO - Request for audio file: ./generated_audio\tts_1744866627_0.wav
2025-04-17 13:25:16,046 - INFO - Sending audio file: ./generated_audio\tts_1744866627_0.wav
2025-04-17 13:25:16,046 - INFO - 127.0.0.1 - - [17/Apr/2025 13:25:16] "[35m[1mGET /api/audio/tts_1744866627_0.wav HTTP/1.1[0m" 206 -
2025-04-17 13:41:30,569 - INFO - Request for audio file: ./generated_audio\tts_1744866627_1.wav
2025-04-17 13:41:30,569 - INFO - Sending audio file: ./generated_audio\tts_1744866627_1.wav
2025-04-17 13:41:30,570 - INFO - 127.0.0.1 - - [17/Apr/2025 13:41:30] "[35m[1mGET /api/audio/tts_1744866627_1.wav HTTP/1.1[0m" 206 -
2025-04-17 13:41:30,822 - INFO - Request for audio file: ./generated_audio\tts_1744866627_1.wav
2025-04-17 13:41:30,822 - INFO - Sending audio file: ./generated_audio\tts_1744866627_1.wav
2025-04-17 13:41:30,823 - INFO - 127.0.0.1 - - [17/Apr/2025 13:41:30] "[35m[1mGET /api/audio/tts_1744866627_1.wav HTTP/1.1[0m" 206 -
2025-04-17 18:31:10,396 - INFO - Starting TTS API service...
2025-04-17 18:31:10,397 - INFO - Available ONNX providers: ['TensorrtExecutionProvider', 'CUDAExecutionProvider', 'CPUExecutionProvider']
2025-04-17 18:31:10,397 - INFO - COSYVoice directory path: D:\HJG\100.Projects\Chatbot-v1\backend\tts_backend\COSYVoice
2025-04-17 18:31:34,497 - INFO - Successfully imported COSYVoice modules
2025-04-17 18:31:34,498 - INFO - Audio storage directory: D:\HJG\100.Projects\Chatbot-v1\backend\tts_backend\generated_audio
2025-04-17 18:31:34,499 - INFO - Current file path: D:\HJG\100.Projects\Chatbot-v1\backend\tts_backend\tts_api.py
2025-04-17 18:31:34,499 - INFO - Checking for reference audio at: D:\HJG\100.Projects\Chatbot-v1\resource\voice\NZ_angry.mp3
2025-04-17 18:31:34,499 - INFO - Found reference audio at: D:\HJG\100.Projects\Chatbot-v1\resource\voice\NZ_angry.mp3
2025-04-17 18:31:34,624 - INFO - Reference audio loaded successfully
2025-04-17 18:31:34,624 - INFO - Initializing CosyVoice2 with model path: D:\HJG\100.Projects\Chatbot-v1\backend\tts_backend\COSYVoice\pretrained_models/CosyVoice2-0.5B
2025-04-17 18:32:18,526 - INFO - input frame rate=25
2025-04-17 18:32:28,162 - INFO - building fst for zh_normalizer ...
2025-04-17 18:32:56,221 - INFO - done
2025-04-17 18:32:56,221 - INFO - fst path: D:\Anaconda\envs\HJG_2\lib\site-packages\tn\zh_tn_tagger.fst
2025-04-17 18:32:56,221 - INFO -           D:\Anaconda\envs\HJG_2\lib\site-packages\tn\zh_tn_verbalizer.fst
2025-04-17 18:32:56,228 - INFO - found existing fst: D:\Anaconda\envs\HJG_2\lib\site-packages\tn\en_tn_tagger.fst
2025-04-17 18:32:56,229 - INFO -                     D:\Anaconda\envs\HJG_2\lib\site-packages\tn\en_tn_verbalizer.fst
2025-04-17 18:32:56,229 - INFO - skip building fst for en_normalizer ...
2025-04-17 18:33:20,541 - INFO - Starting Flask server on port 5001
2025-04-17 18:33:20,560 - INFO - [31m[1mWARNING: This is a development server. Do not use it in a production deployment. Use a production WSGI server instead.[0m
 * Running on all addresses (0.0.0.0)
 * Running on http://127.0.0.1:5001
 * Running on http://192.168.31.163:5001
2025-04-17 18:33:20,560 - INFO - [33mPress CTRL+C to quit[0m
2025-04-17 18:38:07,206 - INFO - Starting TTS API service...
2025-04-17 18:38:07,207 - INFO - Available ONNX providers: ['TensorrtExecutionProvider', 'CUDAExecutionProvider', 'CPUExecutionProvider']
2025-04-17 18:38:07,207 - INFO - COSYVoice directory path: D:\HJG\100.Projects\Chatbot-v1\backend\tts_backend\COSYVoice
2025-04-17 18:38:13,437 - INFO - Successfully imported COSYVoice modules
2025-04-17 18:38:13,437 - INFO - Audio storage directory: D:\HJG\100.Projects\Chatbot-v1\backend\tts_backend\generated_audio
2025-04-17 18:38:13,438 - INFO - Current file path: D:\HJG\100.Projects\Chatbot-v1\backend\tts_backend\tts_api.py
2025-04-17 18:38:13,438 - INFO - Checking for reference audio at: D:\HJG\100.Projects\Chatbot-v1\resource\voice\NZ_angry.mp3
2025-04-17 18:38:13,438 - INFO - Found reference audio at: D:\HJG\100.Projects\Chatbot-v1\resource\voice\NZ_angry.mp3
2025-04-17 18:38:13,455 - INFO - Reference audio loaded successfully
2025-04-17 18:38:13,455 - INFO - Initializing CosyVoice2 with model path: D:\HJG\100.Projects\Chatbot-v1\backend\tts_backend\COSYVoice\pretrained_models/CosyVoice2-0.5B
2025-04-17 18:38:16,318 - INFO - input frame rate=25
2025-04-17 18:38:21,153 - INFO - building fst for zh_normalizer ...
2025-04-17 18:38:47,812 - INFO - done
2025-04-17 18:38:47,812 - INFO - fst path: D:\Anaconda\envs\HJG_2\lib\site-packages\tn\zh_tn_tagger.fst
2025-04-17 18:38:47,812 - INFO -           D:\Anaconda\envs\HJG_2\lib\site-packages\tn\zh_tn_verbalizer.fst
2025-04-17 18:38:47,820 - INFO - found existing fst: D:\Anaconda\envs\HJG_2\lib\site-packages\tn\en_tn_tagger.fst
2025-04-17 18:38:47,820 - INFO -                     D:\Anaconda\envs\HJG_2\lib\site-packages\tn\en_tn_verbalizer.fst
2025-04-17 18:38:47,820 - INFO - skip building fst for en_normalizer ...
2025-04-17 18:38:59,499 - INFO - Starting Flask server on port 5001
2025-04-17 18:38:59,519 - INFO - [31m[1mWARNING: This is a development server. Do not use it in a production deployment. Use a production WSGI server instead.[0m
 * Running on all addresses (0.0.0.0)
 * Running on http://127.0.0.1:5001
 * Running on http://192.168.31.163:5001
2025-04-17 18:38:59,519 - INFO - [33mPress CTRL+C to quit[0m
2025-04-17 18:42:44,109 - INFO - Starting TTS API service...
2025-04-17 18:42:44,109 - INFO - Available ONNX providers: ['TensorrtExecutionProvider', 'CUDAExecutionProvider', 'CPUExecutionProvider']
2025-04-17 18:42:44,109 - INFO - COSYVoice directory path: D:\HJG\100.Projects\Chatbot-v1\backend\tts_backend\COSYVoice
2025-04-17 18:43:02,046 - INFO - Successfully imported COSYVoice modules
2025-04-17 18:43:02,047 - INFO - Audio storage directory: D:\HJG\100.Projects\Chatbot-v1\backend\tts_backend\generated_audio
2025-04-17 18:43:02,048 - INFO - Current file path: D:\HJG\100.Projects\Chatbot-v1\backend\tts_backend\tts_api.py
2025-04-17 18:43:02,048 - INFO - Checking for reference audio at: D:\HJG\100.Projects\Chatbot-v1\resource\voice\NZ_angry.mp3
2025-04-17 18:43:02,048 - INFO - Found reference audio at: D:\HJG\100.Projects\Chatbot-v1\resource\voice\NZ_angry.mp3
2025-04-17 18:43:02,076 - INFO - Reference audio loaded successfully
2025-04-17 18:43:02,076 - INFO - Initializing CosyVoice2 with model path: D:\HJG\100.Projects\Chatbot-v1\backend\tts_backend\COSYVoice\pretrained_models/CosyVoice2-0.5B
2025-04-17 18:43:38,512 - INFO - input frame rate=25
2025-04-17 18:43:47,423 - INFO - building fst for zh_normalizer ...
2025-04-17 18:44:12,906 - INFO - done
2025-04-17 18:44:12,906 - INFO - fst path: D:\Anaconda\envs\HJG_2\lib\site-packages\tn\zh_tn_tagger.fst
2025-04-17 18:44:12,906 - INFO -           D:\Anaconda\envs\HJG_2\lib\site-packages\tn\zh_tn_verbalizer.fst
2025-04-17 18:44:12,913 - INFO - found existing fst: D:\Anaconda\envs\HJG_2\lib\site-packages\tn\en_tn_tagger.fst
2025-04-17 18:44:12,913 - INFO -                     D:\Anaconda\envs\HJG_2\lib\site-packages\tn\en_tn_verbalizer.fst
2025-04-17 18:44:12,913 - INFO - skip building fst for en_normalizer ...
2025-04-17 18:44:37,636 - INFO - Starting Flask server on port 5001
2025-04-17 18:44:37,653 - INFO - [31m[1mWARNING: This is a development server. Do not use it in a production deployment. Use a production WSGI server instead.[0m
 * Running on all addresses (0.0.0.0)
 * Running on http://127.0.0.1:5001
 * Running on http://192.168.31.163:5001
2025-04-17 18:44:37,653 - INFO - [33mPress CTRL+C to quit[0m
2025-04-17 18:47:36,973 - INFO - Starting TTS API service...
2025-04-17 18:47:36,973 - INFO - Available ONNX providers: ['TensorrtExecutionProvider', 'CUDAExecutionProvider', 'CPUExecutionProvider']
2025-04-17 18:47:36,973 - INFO - COSYVoice directory path: D:\HJG\100.Projects\Chatbot-v1\backend\tts_backend\COSYVoice
2025-04-17 18:47:42,835 - INFO - Successfully imported COSYVoice modules
2025-04-17 18:47:42,835 - INFO - Audio storage directory: D:\HJG\100.Projects\Chatbot-v1\backend\tts_backend\generated_audio
2025-04-17 18:47:42,836 - INFO - Current file path: D:\HJG\100.Projects\Chatbot-v1\backend\tts_backend\tts_api.py
2025-04-17 18:47:42,836 - INFO - Checking for reference audio at: D:\HJG\100.Projects\Chatbot-v1\resource\voice\NZ_angry.mp3
2025-04-17 18:47:42,836 - INFO - Found reference audio at: D:\HJG\100.Projects\Chatbot-v1\resource\voice\NZ_angry.mp3
2025-04-17 18:47:42,853 - INFO - Reference audio loaded successfully
2025-04-17 18:47:42,853 - INFO - Initializing CosyVoice2 with model path: D:\HJG\100.Projects\Chatbot-v1\backend\tts_backend\COSYVoice\pretrained_models/CosyVoice2-0.5B
2025-04-17 18:47:45,841 - INFO - input frame rate=25
2025-04-17 18:47:52,491 - INFO - building fst for zh_normalizer ...
2025-04-17 18:49:18,681 - INFO - Starting TTS API service...
2025-04-17 18:49:18,681 - INFO - Available ONNX providers: ['TensorrtExecutionProvider', 'CUDAExecutionProvider', 'CPUExecutionProvider']
2025-04-17 18:49:18,681 - INFO - COSYVoice directory path: D:\HJG\100.Projects\Chatbot-v1\backend\tts_backend\COSYVoice
2025-04-17 18:49:24,775 - INFO - Successfully imported COSYVoice modules
2025-04-17 18:49:24,776 - INFO - Audio storage directory: D:\HJG\100.Projects\Chatbot-v1\backend\tts_backend\generated_audio
2025-04-17 18:49:24,778 - INFO - Current file path: D:\HJG\100.Projects\Chatbot-v1\backend\tts_backend\tts_api.py
2025-04-17 18:49:24,778 - INFO - Checking for reference audio at: D:\HJG\100.Projects\Chatbot-v1\resource\voice\NZ_angry.mp3
2025-04-17 18:49:24,778 - INFO - Found reference audio at: D:\HJG\100.Projects\Chatbot-v1\resource\voice\NZ_angry.mp3
2025-04-17 18:49:24,797 - INFO - Reference audio loaded successfully
2025-04-17 18:49:24,798 - INFO - Initializing CosyVoice2 with model path: D:\HJG\100.Projects\Chatbot-v1\backend\tts_backend\COSYVoice\pretrained_models/CosyVoice2-0.5B
2025-04-17 18:49:27,760 - INFO - input frame rate=25
2025-04-17 18:49:33,071 - INFO - building fst for zh_normalizer ...
2025-04-17 18:50:00,749 - INFO - done
2025-04-17 18:50:00,749 - INFO - fst path: D:\Anaconda\envs\HJG_2\lib\site-packages\tn\zh_tn_tagger.fst
2025-04-17 18:50:00,749 - INFO -           D:\Anaconda\envs\HJG_2\lib\site-packages\tn\zh_tn_verbalizer.fst
2025-04-17 18:50:00,756 - INFO - found existing fst: D:\Anaconda\envs\HJG_2\lib\site-packages\tn\en_tn_tagger.fst
2025-04-17 18:50:00,756 - INFO -                     D:\Anaconda\envs\HJG_2\lib\site-packages\tn\en_tn_verbalizer.fst
2025-04-17 18:50:00,756 - INFO - skip building fst for en_normalizer ...
2025-04-17 18:50:55,989 - INFO - Starting Flask server on port 5001
2025-04-17 18:50:56,008 - INFO - [31m[1mWARNING: This is a development server. Do not use it in a production deployment. Use a production WSGI server instead.[0m
 * Running on all addresses (0.0.0.0)
 * Running on http://127.0.0.1:5001
 * Running on http://192.168.31.163:5001
2025-04-17 18:50:56,008 - INFO - [33mPress CTRL+C to quit[0m
2025-04-17 19:20:41,985 - INFO - Starting TTS API service...
2025-04-17 19:20:42,000 - INFO - Available ONNX providers: ['TensorrtExecutionProvider', 'CUDAExecutionProvider', 'CPUExecutionProvider']
2025-04-17 19:20:42,000 - INFO - COSYVoice directory path: D:\HJG\100.Projects\Chatbot-v1\backend\tts_backend\COSYVoice
2025-04-17 19:21:05,151 - INFO - Successfully imported COSYVoice modules
2025-04-17 19:21:05,151 - INFO - Audio storage directory: D:\HJG\100.Projects\Chatbot-v1\backend\tts_backend\generated_audio
2025-04-17 19:21:05,152 - INFO - Current file path: D:\HJG\100.Projects\Chatbot-v1\backend\tts_backend\tts_api.py
2025-04-17 19:21:05,153 - INFO - Checking for reference audio at: D:\HJG\100.Projects\Chatbot-v1\resource\voice\NZ_angry.mp3
2025-04-17 19:21:05,153 - INFO - Found reference audio at: D:\HJG\100.Projects\Chatbot-v1\resource\voice\NZ_angry.mp3
2025-04-17 19:21:07,693 - INFO - Reference audio loaded successfully
2025-04-17 19:21:07,693 - INFO - Initializing CosyVoice2 with model path: D:\HJG\100.Projects\Chatbot-v1\backend\tts_backend\COSYVoice\pretrained_models/CosyVoice2-0.5B
2025-04-17 19:21:51,216 - INFO - input frame rate=25
2025-04-17 19:22:03,907 - INFO - building fst for zh_normalizer ...
2025-04-17 19:22:33,180 - INFO - done
2025-04-17 19:22:33,180 - INFO - fst path: D:\Anaconda\envs\HJG_2\lib\site-packages\tn\zh_tn_tagger.fst
2025-04-17 19:22:33,180 - INFO -           D:\Anaconda\envs\HJG_2\lib\site-packages\tn\zh_tn_verbalizer.fst
2025-04-17 19:22:33,188 - INFO - found existing fst: D:\Anaconda\envs\HJG_2\lib\site-packages\tn\en_tn_tagger.fst
2025-04-17 19:22:33,188 - INFO -                     D:\Anaconda\envs\HJG_2\lib\site-packages\tn\en_tn_verbalizer.fst
2025-04-17 19:22:33,188 - INFO - skip building fst for en_normalizer ...
2025-04-17 19:22:58,068 - INFO - Starting Flask server on port 5001
2025-04-17 19:22:58,087 - INFO - [31m[1mWARNING: This is a development server. Do not use it in a production deployment. Use a production WSGI server instead.[0m
 * Running on all addresses (0.0.0.0)
 * Running on http://127.0.0.1:5001
 * Running on http://192.168.31.163:5001
2025-04-17 19:22:58,087 - INFO - [33mPress CTRL+C to quit[0m
2025-04-17 19:23:18,260 - INFO - 127.0.0.1 - - [17/Apr/2025 19:23:18] "OPTIONS /api/tts HTTP/1.1" 200 -
2025-04-17 19:23:18,523 - INFO - TTS Request - Text: ???????????????????????????????????????????????????????????????????????????????????????????????????????????????
2025-04-17 19:23:22,697 - INFO - synthesis text ??????????????????????????????????????????????????????????? ?????????????????????????????????????????????????
2025-04-17 19:23:42,189 - INFO - yield speech len 14.56, rtf 1.3387423295241134
2025-04-17 19:23:42,292 - INFO - TTS inference completed, processing 1 audio segments
2025-04-17 19:23:42,353 - INFO - Saved audio file: ./generated_audio\tts_1744889022_0.wav
2025-04-17 19:23:42,353 - INFO - Generated 1 audio files: ['tts_1744889022_0.wav']
2025-04-17 19:23:42,354 - INFO - 127.0.0.1 - - [17/Apr/2025 19:23:42] "POST /api/tts HTTP/1.1" 200 -
2025-04-17 19:23:42,716 - INFO - Request for audio file: ./generated_audio\tts_1744889022_0.wav
2025-04-17 19:23:42,716 - INFO - Sending audio file: ./generated_audio\tts_1744889022_0.wav
2025-04-17 19:23:42,723 - INFO - 127.0.0.1 - - [17/Apr/2025 19:23:42] "[35m[1mGET /api/audio/tts_1744889022_0.wav HTTP/1.1[0m" 206 -
2025-04-17 19:25:59,497 - INFO - 127.0.0.1 - - [17/Apr/2025 19:25:59] "OPTIONS /api/tts HTTP/1.1" 200 -
2025-04-17 19:25:59,763 - INFO - TTS Request - Text: ????????????????????????????????????????????????????????????????????????????????????
2025-04-17 19:25:59,970 - INFO - synthesis text ???????????????????????????????? ????????????????????????????????????????????????
2025-04-17 19:26:14,308 - INFO - yield speech len 14.72, rtf 0.9740541648605595
2025-04-17 19:26:14,386 - INFO - TTS inference completed, processing 1 audio segments
2025-04-17 19:26:14,448 - INFO - Saved audio file: ./generated_audio\tts_1744889174_0.wav
2025-04-17 19:26:14,448 - INFO - Generated 1 audio files: ['tts_1744889174_0.wav']
2025-04-17 19:26:14,449 - INFO - 127.0.0.1 - - [17/Apr/2025 19:26:14] "POST /api/tts HTTP/1.1" 200 -
2025-04-17 19:26:14,759 - INFO - Request for audio file: ./generated_audio\tts_1744889174_0.wav
2025-04-17 19:26:14,760 - INFO - Sending audio file: ./generated_audio\tts_1744889174_0.wav
2025-04-17 19:26:14,767 - INFO - 127.0.0.1 - - [17/Apr/2025 19:26:14] "[35m[1mGET /api/audio/tts_1744889174_0.wav HTTP/1.1[0m" 206 -
2025-04-17 19:30:35,184 - INFO - 127.0.0.1 - - [17/Apr/2025 19:30:35] "OPTIONS /api/tts HTTP/1.1" 200 -
2025-04-17 19:30:35,445 - INFO - TTS Request - Text: ????????????????????????????????????????????????????????????????????????????????????????????????????????????????????????????????????????????
2025-04-17 19:30:35,635 - INFO - synthesis text ??????????????????????????????????????????????????????????????????? ???????????????????????????
2025-04-17 19:30:50,105 - INFO - yield speech len 15.4, rtf 0.9395361256289791
2025-04-17 19:30:50,314 - INFO - synthesis text ????????????????????????????????????????????
2025-04-17 19:30:57,044 - INFO - yield speech len 6.28, rtf 1.07174633414882
2025-04-17 19:30:57,095 - INFO - TTS inference completed, processing 2 audio segments
2025-04-17 19:30:57,210 - INFO - Saved audio file: ./generated_audio\tts_1744889457_0.wav
2025-04-17 19:30:57,237 - INFO - Saved audio file: ./generated_audio\tts_1744889457_1.wav
2025-04-17 19:30:57,237 - INFO - Generated 2 audio files: ['tts_1744889457_0.wav', 'tts_1744889457_1.wav']
2025-04-17 19:30:57,239 - INFO - 127.0.0.1 - - [17/Apr/2025 19:30:57] "POST /api/tts HTTP/1.1" 200 -
2025-04-17 19:30:57,566 - INFO - Request for audio file: ./generated_audio\tts_1744889457_0.wav
2025-04-17 19:30:57,566 - INFO - Sending audio file: ./generated_audio\tts_1744889457_0.wav
2025-04-17 19:30:57,575 - INFO - 127.0.0.1 - - [17/Apr/2025 19:30:57] "[35m[1mGET /api/audio/tts_1744889457_0.wav HTTP/1.1[0m" 206 -
2025-04-17 19:31:13,041 - INFO - Request for audio file: ./generated_audio\tts_1744889457_1.wav
2025-04-17 19:31:13,041 - INFO - Sending audio file: ./generated_audio\tts_1744889457_1.wav
2025-04-17 19:31:13,042 - INFO - 127.0.0.1 - - [17/Apr/2025 19:31:13] "[35m[1mGET /api/audio/tts_1744889457_1.wav HTTP/1.1[0m" 206 -
